<?xml version="1.0" encoding="UTF-8"?>
<!-- Generated by org.testng.reporters.JUnitReportReporter -->
<testsuite skipped="0" hostname="Shiv" name="runner.RunnerFiles" tests="4" failures="0" timestamp="2021-10-17T16:55:12 IST" time="76.310" errors="0">
  <testcase name="runScenario" time="16.507" classname="runner.RunnerFiles"/>
  <system-out/>
  <testcase name="runScenario" time="19.144" classname="runner.RunnerFiles"/>
  <system-out/>
  <testcase name="runScenario" time="18.615" classname="runner.RunnerFiles"/>
  <system-out/>
  <testcase name="runScenario" time="22.044" classname="runner.RunnerFiles"/>
  <system-out/>
</testsuite> <!-- runner.RunnerFiles -->
