<?xml version="1.0" encoding="UTF-8"?>
<!-- Generated by org.testng.reporters.JUnitReportReporter -->
<testsuite skipped="0" hostname="Shiv" name="runner.RunnerFiles" tests="4" failures="0" timestamp="2021-10-17T15:36:08 IST" time="65.412" errors="0">
  <testcase name="runScenario" time="15.472" classname="runner.RunnerFiles"/>
  <system-out/>
  <testcase name="runScenario" time="17.278" classname="runner.RunnerFiles"/>
  <system-out/>
  <testcase name="runScenario" time="19.060" classname="runner.RunnerFiles"/>
  <system-out/>
  <testcase name="runScenario" time="13.602" classname="runner.RunnerFiles"/>
  <system-out/>
</testsuite> <!-- runner.RunnerFiles -->
